빌드 시작: 2018-12-20 오후 6:00:46
     1>2 노드의 "C:\Users\Sunrin\documents\visual studio 2013\Projects\Win32Project1\Win32Project1\Win32Project1.vcxproj" 프로젝트(Build 대상)입니다.
     1>ClCompile:
         C:\Program Files (x86)\Microsoft Visual Studio 12.0\VC\bin\CL.exe /c /I"C:\Program Files (x86)\Microsoft DirectX SDK (August 2009)\Include" /I"C:\Users\Sunrin\Documents\Visual Studio 2013\Projects\Win32Project1\Include" /ZI /nologo /W3 /WX- /Od /Oy- /D WIN32 /D _DEBUG /D _WINDOWS /D _UNICODE /D UNICODE /Gm /EHsc /RTC1 /MDd /GS /fp:precise /Zc:wchar_t /Zc:forScope /Fo"Debug\\" /Fd"Debug\vc120.pdb" /Gd /TP /analyze- /errorReport:prompt MainScene.cpp WWW.cpp
         WWW.cpp
         MainScene.cpp
     1>c:\users\sunrin\documents\visual studio 2013\projects\win32project1\include\zeromathmanager.h(78): error C2039: 'numeric_limits' : 'std'의 멤버가 아닙니다.
     1>c:\users\sunrin\documents\visual studio 2013\projects\win32project1\include\zeromathmanager.h(78): error C2039: 'max' : '`global namespace''의 멤버가 아닙니다.
     1>c:\users\sunrin\documents\visual studio 2013\projects\win32project1\include\zeromathmanager.h(79): error C2039: 'numeric_limits' : 'std'의 멤버가 아닙니다.
     1>c:\users\sunrin\documents\visual studio 2013\projects\win32project1\include\zeromathmanager.h(79): error C2039: 'max' : '`global namespace''의 멤버가 아닙니다.
     1>c:\users\sunrin\documents\visual studio 2013\projects\win32project1\include\zeromathmanager.h(80): error C2039: 'numeric_limits' : 'std'의 멤버가 아닙니다.
     1>c:\users\sunrin\documents\visual studio 2013\projects\win32project1\include\zeromathmanager.h(80): error C2039: 'min' : '`global namespace''의 멤버가 아닙니다.
     1>c:\users\sunrin\documents\visual studio 2013\projects\win32project1\include\zeromathmanager.h(81): error C2039: 'numeric_limits' : 'std'의 멤버가 아닙니다.
     1>c:\users\sunrin\documents\visual studio 2013\projects\win32project1\include\zeromathmanager.h(81): error C2039: 'max' : '`global namespace''의 멤버가 아닙니다.
     1>c:\users\sunrin\documents\visual studio 2013\projects\win32project1\include\zeromathmanager.h(82): error C2039: 'numeric_limits' : 'std'의 멤버가 아닙니다.
     1>c:\users\sunrin\documents\visual studio 2013\projects\win32project1\include\zeromathmanager.h(82): error C2039: 'min' : '`global namespace''의 멤버가 아닙니다.
     1>c:\users\sunrin\documents\visual studio 2013\projects\win32project1\include\zeromathmanager.h(78): error C2065: 'numeric_limits' : 선언되지 않은 식별자입니다.
     1>c:\users\sunrin\documents\visual studio 2013\projects\win32project1\include\zeromathmanager.h(78): error C2062: 예기치 않은 'int' 형식입니다.
     1>c:\users\sunrin\documents\visual studio 2013\projects\win32project1\include\zeromathmanager.h(79): error C2059: 구문 오류 : '멤버 이니셜라이저'
     1>c:\users\sunrin\documents\visual studio 2013\projects\win32project1\include\zeromathmanager.h(80): error C2059: 구문 오류 : '멤버 이니셜라이저'
     1>c:\users\sunrin\documents\visual studio 2013\projects\win32project1\include\zeromathmanager.h(81): error C2059: 구문 오류 : '멤버 이니셜라이저'
     1>c:\users\sunrin\documents\visual studio 2013\projects\win32project1\include\zeromathmanager.h(82): error C2059: 구문 오류 : '멤버 이니셜라이저'
     1>c:\users\sunrin\documents\visual studio 2013\projects\win32project1\include\zeromathmanager.h(84): error C2059: 구문 오류 : '멤버 이니셜라이저'
     1>c:\users\sunrin\documents\visual studio 2013\projects\win32project1\include\zerovec.h(6): error C2039: 'numeric_limits' : 'std'의 멤버가 아닙니다.
     1>c:\users\sunrin\documents\visual studio 2013\projects\win32project1\include\zerovec.h(6): error C2065: 'numeric_limits' : 선언되지 않은 식별자입니다.
     1>c:\users\sunrin\documents\visual studio 2013\projects\win32project1\include\zerovec.h(6): error C2062: 예기치 않은 'int' 형식입니다.
     1>c:\users\sunrin\documents\visual studio 2013\projects\win32project1\include\zerovec.h(6): error C2039: 'max' : '`global namespace''의 멤버가 아닙니다.
     1>c:\users\sunrin\documents\visual studio 2013\projects\win32project1\include\zerovec.h(7): error C2039: 'numeric_limits' : 'std'의 멤버가 아닙니다.
     1>c:\users\sunrin\documents\visual studio 2013\projects\win32project1\include\zerovec.h(7): error C2065: 'numeric_limits' : 선언되지 않은 식별자입니다.
     1>c:\users\sunrin\documents\visual studio 2013\projects\win32project1\include\zerovec.h(7): error C2062: 예기치 않은 'double' 형식입니다.
     1>c:\users\sunrin\documents\visual studio 2013\projects\win32project1\include\zerovec.h(7): error C2039: 'max' : '`global namespace''의 멤버가 아닙니다.
     1>c:\users\sunrin\documents\visual studio 2013\projects\win32project1\include\zerovec.h(8): error C2039: 'numeric_limits' : 'std'의 멤버가 아닙니다.
     1>c:\users\sunrin\documents\visual studio 2013\projects\win32project1\include\zerovec.h(8): error C2065: 'numeric_limits' : 선언되지 않은 식별자입니다.
     1>c:\users\sunrin\documents\visual studio 2013\projects\win32project1\include\zerovec.h(8): error C2062: 예기치 않은 'double' 형식입니다.
     1>c:\users\sunrin\documents\visual studio 2013\projects\win32project1\include\zerovec.h(8): error C2039: 'min' : '`global namespace''의 멤버가 아닙니다.
     1>c:\users\sunrin\documents\visual studio 2013\projects\win32project1\include\zerovec.h(9): error C2039: 'numeric_limits' : 'std'의 멤버가 아닙니다.
     1>c:\users\sunrin\documents\visual studio 2013\projects\win32project1\include\zerovec.h(9): error C2065: 'numeric_limits' : 선언되지 않은 식별자입니다.
     1>c:\users\sunrin\documents\visual studio 2013\projects\win32project1\include\zerovec.h(9): error C2062: 예기치 않은 'float' 형식입니다.
     1>c:\users\sunrin\documents\visual studio 2013\projects\win32project1\include\zerovec.h(9): error C2039: 'max' : '`global namespace''의 멤버가 아닙니다.
     1>c:\users\sunrin\documents\visual studio 2013\projects\win32project1\include\zerovec.h(10): error C2039: 'numeric_limits' : 'std'의 멤버가 아닙니다.
     1>c:\users\sunrin\documents\visual studio 2013\projects\win32project1\include\zerovec.h(10): error C2065: 'numeric_limits' : 선언되지 않은 식별자입니다.
     1>c:\users\sunrin\documents\visual studio 2013\projects\win32project1\include\zerovec.h(10): error C2062: 예기치 않은 'float' 형식입니다.
     1>c:\users\sunrin\documents\visual studio 2013\projects\win32project1\include\zerovec.h(10): error C2039: 'min' : '`global namespace''의 멤버가 아닙니다.
     1>c:\users\sunrin\documents\visual studio 2013\projects\win32project1\include\zerovec.h(12): fatal error C1903: 이전 오류를 복구할 수 없습니다. 컴파일이 중지됩니다.
         코드를 생성하고 있습니다...
     1>"C:\Users\Sunrin\documents\visual studio 2013\Projects\Win32Project1\Win32Project1\Win32Project1.vcxproj" 프로젝트를 빌드했습니다(Build 대상). - 실패

빌드하지 못했습니다.

경과 시간: 00:00:01.05
